[{"line":2,"elements":[{"start_timestamp":"2024-11-29T22:09:04.023Z","before":[{"result":{"error_message":"org.openqa.selenium.SessionNotCreatedException: Could not start a new session. Response code 500. Message: session not created: This version of ChromeDriver only supports Chrome version 125\nCurrent browser version is 131.0.6778.86 with binary path C:\\Users\\neupa\\AppData\\Local\\Google\\Chrome\\Application\\chrome.exe \nHost info: host: 'TIGER', ip: '192.168.200.3'\nBuild info: version: '4.21.0', revision: '79ed462ef4'\nSystem info: os.name: 'Windows 11', os.arch: 'amd64', os.version: '10.0', java.version: '17.0.8.1'\nDriver info: org.openqa.selenium.chrome.ChromeDriver\nCommand: [null, newSession {capabilities=[Capabilities {browserName: chrome, goog:chromeOptions: {args: [], extensions: []}}]}]\r\n\tat org.openqa.selenium.remote.ProtocolHandshake.createSession(ProtocolHandshake.java:114)\r\n\tat org.openqa.selenium.remote.ProtocolHandshake.createSession(ProtocolHandshake.java:75)\r\n\tat org.openqa.selenium.remote.ProtocolHandshake.createSession(ProtocolHandshake.java:61)\r\n\tat org.openqa.selenium.remote.HttpCommandExecutor.execute(HttpCommandExecutor.java:162)\r\n\tat org.openqa.selenium.remote.service.DriverCommandExecutor.invokeExecute(DriverCommandExecutor.java:216)\r\n\tat org.openqa.selenium.remote.service.DriverCommandExecutor.execute(DriverCommandExecutor.java:174)\r\n\tat org.openqa.selenium.remote.RemoteWebDriver.execute(RemoteWebDriver.java:518)\r\n\tat org.openqa.selenium.remote.RemoteWebDriver.startSession(RemoteWebDriver.java:232)\r\n\tat org.openqa.selenium.remote.RemoteWebDriver.<init>(RemoteWebDriver.java:161)\r\n\tat org.openqa.selenium.chromium.ChromiumDriver.<init>(ChromiumDriver.java:114)\r\n\tat org.openqa.selenium.chrome.ChromeDriver.<init>(ChromeDriver.java:88)\r\n\tat org.openqa.selenium.chrome.ChromeDriver.<init>(ChromeDriver.java:83)\r\n\tat org.openqa.selenium.chrome.ChromeDriver.<init>(ChromeDriver.java:51)\r\n\tat stepsForHooks.HooksSteps.browserSetup(HooksSteps.java:34)\r\n","duration":2583066600,"status":"failed"},"match":{"location":"stepsForHooks.HooksSteps.browserSetup()"}}],"line":12,"name":"Check login successfull","description":"","id":"test-login-functionality-hook;check-login-successfull;;2","after":[{"result":{"error_message":"java.lang.NullPointerException: Cannot invoke \"org.openqa.selenium.WebDriver.close()\" because \"this.driver\" is null\r\n\tat stepsForHooks.HooksSteps.teardown(HooksSteps.java:44)\r\n","duration":999700,"status":"failed"},"match":{"location":"stepsForHooks.HooksSteps.teardown()"}}],"type":"scenario","keyword":"Scenario Outline","steps":[{"result":{"status":"skipped"},"line":5,"name":"user is in login page","match":{"location":"stepsForHooks.HooksSteps.user_is_in_login_page()"},"keyword":"Given "},{"result":{"status":"skipped"},"line":6,"name":"user input Admin and admin123","match":{"arguments":[{"val":"Admin","offset":11},{"val":"admin123","offset":21}],"location":"stepsForHooks.HooksSteps.user_input_username_and_password(java.lang.String,java.lang.String)"},"keyword":"When "},{"result":{"status":"skipped"},"line":7,"name":"user click for login","match":{"location":"stepsForHooks.HooksSteps.user_click_for_login()"},"keyword":"And "},{"result":{"status":"skipped"},"line":8,"name":"user is navigated to the main page","match":{"location":"stepsForHooks.HooksSteps.user_is_navigated_to_the_main_page()"},"keyword":"Then "}]},{"start_timestamp":"2024-11-29T22:09:06.639Z","before":[{"result":{"error_message":"org.openqa.selenium.SessionNotCreatedException: Could not start a new session. Response code 500. Message: session not created: This version of ChromeDriver only supports Chrome version 125\nCurrent browser version is 131.0.6778.86 with binary path C:\\Users\\neupa\\AppData\\Local\\Google\\Chrome\\Application\\chrome.exe \nHost info: host: 'TIGER', ip: '192.168.200.3'\nBuild info: version: '4.21.0', revision: '79ed462ef4'\nSystem info: os.name: 'Windows 11', os.arch: 'amd64', os.version: '10.0', java.version: '17.0.8.1'\nDriver info: org.openqa.selenium.chrome.ChromeDriver\nCommand: [null, newSession {capabilities=[Capabilities {browserName: chrome, goog:chromeOptions: {args: [], extensions: []}}]}]\r\n\tat org.openqa.selenium.remote.ProtocolHandshake.createSession(ProtocolHandshake.java:114)\r\n\tat org.openqa.selenium.remote.ProtocolHandshake.createSession(ProtocolHandshake.java:75)\r\n\tat org.openqa.selenium.remote.ProtocolHandshake.createSession(ProtocolHandshake.java:61)\r\n\tat org.openqa.selenium.remote.HttpCommandExecutor.execute(HttpCommandExecutor.java:162)\r\n\tat org.openqa.selenium.remote.service.DriverCommandExecutor.invokeExecute(DriverCommandExecutor.java:216)\r\n\tat org.openqa.selenium.remote.service.DriverCommandExecutor.execute(DriverCommandExecutor.java:174)\r\n\tat org.openqa.selenium.remote.RemoteWebDriver.execute(RemoteWebDriver.java:518)\r\n\tat org.openqa.selenium.remote.RemoteWebDriver.startSession(RemoteWebDriver.java:232)\r\n\tat org.openqa.selenium.remote.RemoteWebDriver.<init>(RemoteWebDriver.java:161)\r\n\tat org.openqa.selenium.chromium.ChromiumDriver.<init>(ChromiumDriver.java:114)\r\n\tat org.openqa.selenium.chrome.ChromeDriver.<init>(ChromeDriver.java:88)\r\n\tat org.openqa.selenium.chrome.ChromeDriver.<init>(ChromeDriver.java:83)\r\n\tat org.openqa.selenium.chrome.ChromeDriver.<init>(ChromeDriver.java:51)\r\n\tat stepsForHooks.HooksSteps.browserSetup(HooksSteps.java:34)\r\n","duration":1155073600,"status":"failed"},"match":{"location":"stepsForHooks.HooksSteps.browserSetup()"}}],"line":22,"name":"Check login not successfull","description":"","id":"test-login-functionality-hook;check-login-not-successfull;;2","after":[{"result":{"error_message":"java.lang.NullPointerException: Cannot invoke \"org.openqa.selenium.WebDriver.close()\" because \"this.driver\" is null\r\n\tat stepsForHooks.HooksSteps.teardown(HooksSteps.java:44)\r\n","duration":999100,"status":"failed"},"match":{"location":"stepsForHooks.HooksSteps.teardown()"}}],"type":"scenario","keyword":"Scenario Outline","steps":[{"result":{"status":"skipped"},"line":15,"name":"user is in login page","match":{"location":"stepsForHooks.HooksSteps.user_is_in_login_page()"},"keyword":"Given "},{"result":{"status":"skipped"},"line":16,"name":"user input Ad and adm","match":{"arguments":[{"val":"Ad","offset":11},{"val":"adm","offset":18}],"location":"stepsForHooks.HooksSteps.user_input_username_and_password(java.lang.String,java.lang.String)"},"keyword":"When "},{"result":{"status":"skipped"},"line":17,"name":"user click for login","match":{"location":"stepsForHooks.HooksSteps.user_click_for_login()"},"keyword":"And "},{"result":{"status":"skipped"},"line":18,"name":"user is can not navigated to the main page","match":{"location":"stepsForHooks.HooksSteps.user_is_can_not_navigated_to_the_main_page()"},"keyword":"Then "}]}],"name":"Test login functionality hook","description":"","id":"test-login-functionality-hook","keyword":"Feature","uri":"file:src/test/resources/Hooks/HooksLearn.feature","tags":[]}]